Exception in thread "DisconnectableInputStream source reader" org.gradle.api.UncheckedIOException: java.io.IOException: Bad file descriptor
	at org.gradle.internal.UncheckedException.throwAsUncheckedException(UncheckedException.java:61)
	at org.gradle.internal.UncheckedException.throwAsUncheckedException(UncheckedException.java:41)
	at org.gradle.util.DisconnectableInputStream$1.run(DisconnectableInputStream.java:127)
	at java.base/java.lang.Thread.run(Thread.java:829)
Caused by: java.io.IOException: Bad file descriptor
	at java.base/java.io.FileInputStream.readBytes(Native Method)
	at java.base/java.io.FileInputStream.read(FileInputStream.java:279)
	at java.base/java.io.BufferedInputStream.read1(BufferedInputStream.java:290)
	at java.base/java.io.BufferedInputStream.read(BufferedInputStream.java:351)
	at org.gradle.util.DisconnectableInputStream$1.run(DisconnectableInputStream.java:98)
	... 1 more
> Task :app:compileKotlin UP-TO-DATE
> Task :app:compileJava NO-SOURCE
> Task :app:processResources NO-SOURCE
> Task :app:classes UP-TO-DATE

> Task :app:run
carregando logradouro
pronto
Executando 0 ...
Finalizado 0
Executando 5000 ...
Finalizado 5000
Executando 10000 ...
Executando 15000 ...
Finalizado 10000
Executando 20000 ...
Finalizado 15000
Executando 25000 ...
Finalizado 20000
Executando 30000 ...
Finalizado 25000
Executando 35000 ...
Finalizado 30000
Executando 40000 ...
Finalizado 35000
Executando 45000 ...
Finalizado 40000
Executando 50000 ...
Finalizado 45000
Executando 55000 ...
Finalizado 50000
Executando 60000 ...
Finalizado 55000
Executando 65000 ...
Finalizado 60000
Executando 70000 ...
Finalizado 65000
Executando 75000 ...
Finalizado 70000
Executando 80000 ...
Finalizado 75000
Executando 85000 ...
Finalizado 80000
Executando 90000 ...
Finalizado 85000
Executando 95000 ...
Executando 100000 ...
Finalizado 90000
Executando 105000 ...
Finalizado 95000
Executando 110000 ...
Finalizado 100000
Executando 115000 ...
Finalizado 105000
Executando 120000 ...
Finalizado 110000
Executando 125000 ...
Finalizado 115000
Executando 130000 ...
Finalizado 120000
Executando 135000 ...
Finalizado 125000
Executando 140000 ...
Finalizado 130000
Executando 145000 ...
Finalizado 135000
Executando 150000 ...
Finalizado 140000
Executando 155000 ...
Finalizado 145000
Executando 160000 ...
Finalizado 150000
Executando 165000 ...
Executando 170000 ...
Finalizado 155000
Executando 175000 ...
Finalizado 160000
Executando 180000 ...
Finalizado 165000
Executando 185000 ...
Finalizado 170000
Executando 190000 ...
Finalizado 175000
Executando 195000 ...
Finalizado 180000
Executando 200000 ...
Finalizado 185000
Executando 205000 ...
Finalizado 190000
Executando 210000 ...
Finalizado 195000
Executando 215000 ...
Finalizado 200000
Executando 220000 ...
Finalizado 205000
Executando 225000 ...
Finalizado 210000
Executando 230000 ...
Finalizado 215000
Executando 235000 ...
Finalizado 220000
Executando 240000 ...
Finalizado 225000
Executando 245000 ...
Finalizado 230000
Executando 250000 ...
Finalizado 235000
Executando 255000 ...
Finalizado 240000
Executando 260000 ...
Finalizado 245000
Executando 265000 ...
Finalizado 250000
Executando 270000 ...
Finalizado 255000
Executando 275000 ...
Finalizado 260000
Executando 280000 ...
Finalizado 265000
Executando 285000 ...
Finalizado 270000
Executando 290000 ...
Finalizado 275000
Executando 295000 ...
Finalizado 280000
Executando 300000 ...
Finalizado 285000
Executando 305000 ...
Finalizado 290000
Executando 310000 ...
Finalizado 295000
Executando 315000 ...
Finalizado 300000
Executando 320000 ...
Finalizado 305000
Executando 325000 ...
Finalizado 310000
Executando 330000 ...
Finalizado 315000
Executando 335000 ...
Finalizado 320000
Executando 340000 ...
Finalizado 325000
Executando 345000 ...
Finalizado 330000
Executando 350000 ...
Finalizado 335000
Executando 355000 ...
Finalizado 340000
Executando 360000 ...
Finalizado 345000
Executando 365000 ...
Finalizado 350000
Executando 370000 ...
Finalizado 355000
Executando 375000 ...
Finalizado 360000
Executando 380000 ...
Finalizado 365000
Executando 385000 ...
Finalizado 370000
Executando 390000 ...
Finalizado 375000
Executando 395000 ...
Finalizado 380000
Executando 400000 ...
Finalizado 385000
Executando 405000 ...
Finalizado 390000
Executando 410000 ...
Finalizado 395000
Executando 415000 ...
Finalizado 400000
Executando 420000 ...
Finalizado 405000
Executando 425000 ...
Finalizado 410000
Executando 430000 ...
Finalizado 415000
Executando 435000 ...
Finalizado 420000
Executando 440000 ...
Finalizado 425000
Executando 445000 ...
Finalizado 430000
Executando 450000 ...
Finalizado 435000
Executando 455000 ...
Finalizado 440000
Executando 460000 ...
Finalizado 445000
Executando 465000 ...
Finalizado 450000
Executando 470000 ...
Finalizado 455000
Executando 475000 ...
Finalizado 460000
Executando 480000 ...
Finalizado 465000
Executando 485000 ...
Finalizado 470000
Executando 490000 ...
Finalizado 475000
Executando 495000 ...
Finalizado 480000
Executando 500000 ...
Finalizado 485000
Executando 505000 ...
Finalizado 490000
Executando 510000 ...
Finalizado 495000
Executando 515000 ...
Finalizado 500000
Executando 520000 ...
Finalizado 505000
Executando 525000 ...
Finalizado 510000
Executando 530000 ...
Finalizado 515000
Executando 535000 ...
Finalizado 520000
Executando 540000 ...
Finalizado 525000
Executando 545000 ...
Finalizado 530000
Executando 550000 ...
Finalizado 535000
Executando 555000 ...
Finalizado 540000
Executando 560000 ...
Finalizado 545000
Executando 565000 ...
Finalizado 550000
Executando 570000 ...
Finalizado 555000
Executando 575000 ...
Finalizado 560000
Executando 580000 ...
Finalizado 565000
Executando 585000 ...
Finalizado 570000
Executando 590000 ...
Finalizado 575000
Executando 595000 ...
Finalizado 580000
Executando 600000 ...
Finalizado 585000
Executando 605000 ...
Finalizado 590000
Executando 610000 ...
Finalizado 595000
Executando 615000 ...
Finalizado 600000
Executando 620000 ...
Finalizado 605000
Executando 625000 ...
Finalizado 610000
Executando 630000 ...
Finalizado 615000
Executando 635000 ...
Finalizado 620000
Executando 640000 ...
Finalizado 625000
Executando 645000 ...
Finalizado 630000
Executando 650000 ...
Finalizado 635000
Executando 655000 ...
Finalizado 640000
Executando 660000 ...
Finalizado 645000
Executando 665000 ...
Finalizado 650000
Executando 670000 ...
Finalizado 655000
Executando 675000 ...
Finalizado 660000
Executando 680000 ...
Finalizado 665000
Finalizado 670000
Executando 685000 ...
Finalizado 675000
Executando 690000 ...
Finalizado 680000
Executando 695000 ...
Finalizado 685000
Executando 700000 ...
Finalizado 690000
Executando 705000 ...
Finalizado 695000
Executando 710000 ...
Finalizado 700000
Finalizado 705000
Executando 715000 ...
Finalizado 710000
Executando 720000 ...
Executando 725000 ...
Finalizado 725000
Finalizado 715000
Finalizado 720000

BUILD SUCCESSFUL in 13m 9s
2 actionable tasks: 1 executed, 1 up-to-date
